<?xml version="1.0" encoding="UTF-8"?>
<!-- Generated by org.testng.reporters.JUnitReportReporter -->
<testsuite hostname="DESKTOP-AO9PN1L" failures="0" tests="2" name="testngClass.DependsOnMethodTest" time="0.012" errors="0" timestamp="2024-10-17T10:33:39 IST" skipped="0">
  <testcase classname="testngClass.DependsOnMethodTest" name="test_2" time="0.002"/>
  <system-out/>
  <testcase classname="testngClass.DependsOnMethodTest" name="test_1" time="0.010"/>
  <system-out/>
</testsuite> <!-- testngClass.DependsOnMethodTest -->
