<?xml version="1.0" encoding="UTF-8"?>
<!-- Generated by org.testng.reporters.JUnitReportReporter -->
<testsuite hostname="DESKTOP-AO9PN1L" failures="0" tests="2" name="testngClass.ListenerOrderOfExecutions" time="25.966" errors="0" timestamp="2024-10-24T09:44:42 IST" skipped="0">
  <testcase classname="testngClass.ListenerOrderOfExecutions" name="listenerTest_04" time="13.195"/>
  <system-out/>
  <testcase classname="testngClass.ListenerOrderOfExecutions" name="listenerTest_03" time="12.771"/>
  <system-out/>
</testsuite> <!-- testngClass.ListenerOrderOfExecutions -->
