<?xml version="1.0" encoding="UTF-8"?>
<!-- Generated by org.testng.reporters.JUnitReportReporter -->
<testsuite hostname="DESKTOP-AO9PN1L" failures="0" tests="3" name="testngClass.DependsOnMethodsTest" time="0.029" errors="0" timestamp="2024-10-17T10:37:41 IST" skipped="0">
  <testcase classname="testngClass.DependsOnMethodsTest" name="test_3" time="0.002"/>
  <system-out/>
  <testcase classname="testngClass.DependsOnMethodsTest" name="test_1" time="0.020"/>
  <system-out/>
  <testcase classname="testngClass.DependsOnMethodsTest" name="test_2" time="0.007"/>
  <system-out/>
</testsuite> <!-- testngClass.DependsOnMethodsTest -->
