<?xml version="1.0" encoding="UTF-8"?>
<!-- Generated by org.testng.reporters.JUnitReportReporter -->
<testsuite hostname="DESKTOP-AO9PN1L" failures="0" tests="2" name="com.comcast.crm.producttest.CreatingProductTest" time="33.492" errors="0" timestamp="2024-10-21T10:18:48 IST" skipped="0">
  <testcase classname="com.comcast.crm.producttest.CreatingProductTest" name="creatingProductWithCategoryTest" time="13.726"/>
  <system-out/>
  <testcase classname="com.comcast.crm.producttest.CreatingProductTest" name="creatingProductTest" time="19.766"/>
  <system-out/>
</testsuite> <!-- com.comcast.crm.producttest.CreatingProductTest -->
