<?xml version="1.0" encoding="UTF-8"?>
<!-- Generated by org.testng.reporters.JUnitReportReporter -->
<testsuite hostname="DESKTOP-AO9PN1L" failures="0" tests="2" name="testngClass.UnderstandingTestNG" time="0.016" errors="0" timestamp="2024-10-16T18:12:53 IST" skipped="0">
  <testcase classname="testngClass.UnderstandingTestNG" name="testngNonStaticMethod" time="0.012"/>
  <system-out/>
  <testcase classname="testngClass.UnderstandingTestNG" name="testngStaticMethod" time="0.004"/>
  <system-out/>
</testsuite> <!-- testngClass.UnderstandingTestNG -->
