<?xml version="1.0" encoding="UTF-8"?>
<!-- Generated by org.testng.reporters.JUnitReportReporter -->
<testsuite hostname="DESKTOP-AO9PN1L" failures="0" tests="3" name="testngClass.SampleExtentReport" time="0.027" errors="0" timestamp="2024-10-28T12:25:35 IST" skipped="0">
  <testcase classname="testngClass.SampleExtentReport" name="createContactWithOrgTest" time="0.003"/>
  <system-out/>
  <testcase classname="testngClass.SampleExtentReport" name="createContactTest" time="0.022"/>
  <system-out/>
  <testcase classname="testngClass.SampleExtentReport" name="createContactWithPhonenumberTest" time="0.002"/>
  <system-out/>
</testsuite> <!-- testngClass.SampleExtentReport -->
