<?xml version="1.0" encoding="UTF-8"?>
<!-- Generated by org.testng.reporters.JUnitReportReporter -->
<testsuite hostname="DESKTOP-AO9PN1L" failures="0" tests="4" name="com.comcast.crm.orgtest.CreateOrganizationTest" time="135.738" errors="0" timestamp="2024-10-24T15:18:39 IST" skipped="0">
  <testcase classname="com.comcast.crm.orgtest.CreateOrganizationTest" name="createOrganisationWithIndustriesTest" time="25.740"/>
  <system-out/>
  <testcase classname="com.comcast.crm.orgtest.CreateOrganizationTest" name="createOrganisationAndDelete" time="50.442"/>
  <system-out/>
  <testcase classname="com.comcast.crm.orgtest.CreateOrganizationTest" name="createOrganizationTest" time="32.426"/>
  <system-out/>
  <testcase classname="com.comcast.crm.orgtest.CreateOrganizationTest" name="createOrganisationWithPhoneNumberTest" time="27.130"/>
  <system-out/>
</testsuite> <!-- com.comcast.crm.orgtest.CreateOrganizationTest -->
