<?xml version="1.0" encoding="UTF-8"?>
<!-- Generated by org.testng.reporters.JUnitReportReporter -->
<testsuite hostname="DESKTOP-AO9PN1L" failures="0" tests="1" name="experimentalExecutiont_01test.ZeroThreadCount_02" time="9.693" errors="0" timestamp="2024-10-22T10:34:04 IST" skipped="0">
  <testcase classname="experimentalExecutiont_01test.ZeroThreadCount_02" name="createLead" time="9.693"/>
  <system-out/>
</testsuite> <!-- experimentalExecutiont_01test.ZeroThreadCount_02 -->
