<?xml version="1.0" encoding="UTF-8"?>
<!-- Generated by org.testng.reporters.JUnitReportReporter -->
<testsuite hostname="DESKTOP-AO9PN1L" failures="0" tests="1" name="testngClass.ScreenShotByUsingEventFiring" time="28.300" errors="0" timestamp="2024-10-22T17:55:26 IST" skipped="0">
  <testcase classname="testngClass.ScreenShotByUsingEventFiring" name="screenshotByEventfiring" time="28.300"/>
  <system-out/>
</testsuite> <!-- testngClass.ScreenShotByUsingEventFiring -->
