<?xml version="1.0" encoding="UTF-8"?>
<!-- Generated by org.testng.reporters.JUnitReportReporter -->
<testsuite hostname="DESKTOP-AO9PN1L" failures="0" tests="1" name="datadrivenTesting.InProperties" time="61.622" errors="0" timestamp="2024-10-01T16:12:46 IST" skipped="0">
  <testcase classname="datadrivenTesting.InProperties" name="orgTest" time="61.622"/>
  <system-out/>
</testsuite> <!-- datadrivenTesting.InProperties -->
