<?xml version="1.0" encoding="UTF-8"?>
<!-- Generated by org.testng.reporters.JUnitReportReporter -->
<testsuite hostname="DESKTOP-AO9PN1L" failures="0" tests="1" name="com.comcast.crm.contacttest.CreateContactTest" time="188.159" errors="0" timestamp="2024-11-04T18:05:51 IST" skipped="0">
  <testcase classname="com.comcast.crm.contacttest.CreateContactTest" name="createContactTest" time="188.159"/>
  <system-out>
    <![CDATA[createContactTest>=========start==========>
createContactTest>=========success==========>]]>
  </system-out>
</testsuite> <!-- com.comcast.crm.contacttest.CreateContactTest -->
